C:\Program Files (x86)\Microsoft Visual Studio\2019\Community\MSBuild\Microsoft\VC\v160\Microsoft.CppBuild.targets(513,5): warning MSB8028: промежуточный каталог (x64\Debug\) содержит файлы, которые используются совместно с другим проектом (lab_5.vcxproj).  Это может привести к ошибкам очистки и перестроения.
  Source.cpp
C:\Education\GitHub\BSTU_Python\6. Before After Slider\lab_5\Source.cpp(30,34): warning C4244: аргумент: преобразование "double" в "_Tp", возможна потеря данных
          with
          [
              _Tp=int
          ]
C:\Education\GitHub\BSTU_Python\6. Before After Slider\lab_5\Source.cpp(31,50): warning C4244: аргумент: преобразование "double" в "_Tp", возможна потеря данных
          with
          [
              _Tp=int
          ]
C:\Education\GitHub\BSTU_Python\6. Before After Slider\lab_5\Source.cpp(31,28): warning C4244: аргумент: преобразование "double" в "_Tp", возможна потеря данных
          with
          [
              _Tp=int
          ]
C:\Education\GitHub\BSTU_Python\6. Before After Slider\lab_5\Source.cpp(46,35): warning C4474: "sprintf" : для строки формата передано слишком много аргументов
C:\Education\GitHub\BSTU_Python\6. Before After Slider\lab_5\Source.cpp(46,35): message : заполнители и их параметры ожидают переменное число аргументов в количестве 0, но было предоставлено 1
  lab_5.vcxproj -> C:\Education\GitHub\BSTU_Python\6. Before After Slider\x64\Debug\lab_6_1.exe
